One matching license found for this product: synplifypro_gowin
NOTE:  This version of the software is not a production release. No warranty is made as to the general availability of features and functionality included in this version or described in the accompanying documentation. The final contents of a production release and its timing remain at the sole discretion of Synopsys.

Starting:    E:\Gowin\Gowin_V1.9.2Beta\SynplifyPro\bin64\mbin\synbatch.exe
Install:     E:\Gowin\Gowin_V1.9.2Beta\SynplifyPro
Hostname:    SKY-20180728DOH
Date:        Sun Nov 17 13:24:53 2019
Version:     P-2019.03G-Beta4

Arguments:   -product synplify_pro -batch E:/gowin_projects/myproj/myproj_blue2/temp/gao/ao_0/ao_0.prj
ProductType: synplify_pro

License checkout: synplifypro_gowin
License: synplifypro_gowin node-locked 
Licensed Vendor: gowin

Running in Vendor Mode

log file: "E:\gowin_projects\myproj\myproj_blue2\temp\gao\ao_0\rev_1\ao_0.srr"
Running: rev_1 in foreground

Running ao_0|rev_1

Running Flow: compile (Compile) on ao_0|rev_1
# Sun Nov 17 13:24:53 2019

Running Flow: compile_flow (Compile Process) on ao_0|rev_1
# Sun Nov 17 13:24:53 2019

Running: compiler (Compile Input) on ao_0|rev_1
# Sun Nov 17 13:24:53 2019
Copied E:\gowin_projects\myproj\myproj_blue2\temp\gao\ao_0\rev_1\synwork\ao_0_comp.srs to E:\gowin_projects\myproj\myproj_blue2\temp\gao\ao_0\rev_1\ao_0.srs

compiler completed
# Sun Nov 17 13:24:57 2019

Return Code: 0
Run Time:00h:00m:04s

Running: multi_srs_gen (Multi-srs Generator) on ao_0|rev_1
# Sun Nov 17 13:24:58 2019

multi_srs_gen completed
# Sun Nov 17 13:24:58 2019

Return Code: 0
Run Time:00h:00m:00s
Copied E:\gowin_projects\myproj\myproj_blue2\temp\gao\ao_0\rev_1\synwork\ao_0_mult.srs to E:\gowin_projects\myproj\myproj_blue2\temp\gao\ao_0\rev_1\ao_0.srs
Complete: Compile Process on ao_0|rev_1

Running: premap (Premap) on ao_0|rev_1
# Sun Nov 17 13:24:58 2019

premap completed
# Sun Nov 17 13:25:01 2019

Return Code: 0
Run Time:00h:00m:03s
Complete: Compile on ao_0|rev_1

Running Flow: map (Map) on ao_0|rev_1
# Sun Nov 17 13:25:01 2019

Running: fpga_mapper (Map & Optimize) on ao_0|rev_1
# Sun Nov 17 13:25:01 2019
Copied E:\gowin_projects\myproj\myproj_blue2\temp\gao\ao_0\rev_1\synwork\ao_0_m.srm to E:\gowin_projects\myproj\myproj_blue2\temp\gao\ao_0\rev_1\ao_0.srm

fpga_mapper completed with warnings
# Sun Nov 17 13:25:14 2019

Return Code: 1
Run Time:00h:00m:13s
Complete: Map on ao_0|rev_1
Complete: Logic Synthesis on ao_0|rev_1
exit status=0
exit status=0
License checkin: synplifypro_gowin
