
Copyright (C) 1994-2019 Synopsys, Inc.
This Synopsys software and all associated documentation are proprietary to Synopsys, Inc.
and may only be used pursuant to the terms and conditions of a written license agreement
with Synopsys, Inc. All other use, reproduction, modification, or distribution of the
Synopsys software or the associated documentation is strictly prohibited.
Tool: Synplify Pro (R)
Build: P-2019.03G-Beta4
Install: E:\Gowin\Gowin_V1.9.2Beta\SynplifyPro
OS: Windows 6.2

Hostname: SKY-20180728DOH

Implementation : rev_1

# Written on Sun Nov 17 13:24:58 2019

##### FILES SYNTAX CHECKED ##############################################
Constraint File(s):      (none)

#Run constraint checker to find more issues with constraints.
#########################################################################



No issues found in constraint syntax.



Clock Summary
*************

          Start                   Requested     Requested     Clock        Clock                     Clock
Level     Clock                   Frequency     Period        Type         Group                     Load 
----------------------------------------------------------------------------------------------------------
0 -       ao_top_0|control[0]     186.5 MHz     5.362         inferred     Autoconstr_clkgroup_1     446  
                                                                                                          
0 -       ao_top_0|clk_i          237.7 MHz     4.207         inferred     Autoconstr_clkgroup_0     203  
==========================================================================================================


Clock Load Summary
******************

                        Clock     Source               Clock Pin                                Non-clock Pin     Non-clock Pin       
Clock                   Load      Pin                  Seq Example                              Seq Example       Comb Example        
--------------------------------------------------------------------------------------------------------------------------------------
ao_top_0|control[0]     446       control[0](port)     data_register[101:0].C                   -                 -                   
                                                                                                                                      
ao_top_0|clk_i          203       clk_i(port)          internal_reg_force_triger_syn[1:0].C     -                 clk_ao.I[0](keepbuf)
======================================================================================================================================
