
Copyright (C) 1994-2019 Synopsys, Inc.
This Synopsys software and all associated documentation are proprietary to Synopsys, Inc.
and may only be used pursuant to the terms and conditions of a written license agreement
with Synopsys, Inc. All other use, reproduction, modification, or distribution of the
Synopsys software or the associated documentation is strictly prohibited.
Tool: Synplify Pro (R)
Build: P-2019.03G-Beta4
Install: E:\Gowin\Gowin_V1.9.2Beta\SynplifyPro
OS: Windows 6.2

Hostname: SKY-20180728DOH

Implementation : rev_1

# Written on Sun Nov 17 13:24:41 2019

##### FILES SYNTAX CHECKED ##############################################
Constraint File(s):      (none)

#Run constraint checker to find more issues with constraints.
#########################################################################



No issues found in constraint syntax.



Clock Summary
*************

          Start      Requested      Requested     Clock      Clock               Clock
Level     Clock      Frequency      Period        Type       Group               Load 
--------------------------------------------------------------------------------------
0 -       System     1521.8 MHz     0.657         system     system_clkgroup     14   
======================================================================================


Clock Load Summary
******************

           Clock     Source     Clock Pin                        Non-clock Pin     Non-clock Pin
Clock      Load      Pin        Seq Example                      Seq Example       Comb Example 
------------------------------------------------------------------------------------------------
System     14        -          shift_dr_capture_dr_dly[0].C     -                 -            
================================================================================================
