---------------------------------------
Resource Usage Report for gw_con_top 

Mapping to part: gw2ar_18elqfp144-8
Cell usage:
DFFC            1 use
DFFCE           9 uses
DFFNC           4 uses
GSR             1 use
INV             1 use
MUX16           1 use
LUT2            2 uses
LUT3            6 uses
LUT4            5 uses

I/O ports: 17
I/O primitives: 16
IBUF           7 uses
OBUF           9 uses

I/O Register bits:                  0
Register bits not including I/Os:   14 of 15552 (0%)

@S |Mapping Summary:
Total  LUTs: 13 (0%)

