E:\Gowin\Gowin_V1.9.2Beta\SynplifyPro\bin64\c_hdl.exe  -osyn  E:\gowin_projects\myproj\myproj_blue2_ircon\impl\synthesize\rev_1\synwork\img_processor_comp.srs  -top  myproj_top  -hdllog  E:\gowin_projects\myproj\myproj_blue2_ircon\impl\synthesize\rev_1\synlog\img_processor_compiler.srr  -encrypt  -mp  1  -verification_mode 0  -verilog  -prodtype  synplify_pro  -primux -fixsmult -sdff_counter -nram -divnmod -nostructver -gowin -infer_seqShift  -D_MULTIPLE_FILE_COMPILATION_UNIT_   -I E:\gowin_projects\myproj\myproj_blue2_ircon\src\frame_buffer  -I E:\gowin_projects\myproj\myproj_blue2_ircon\impl\synthesize\  -I E:\Gowin\Gowin_V1.9.2Beta\SynplifyPro\lib   -sysv  -devicelib  E:\Gowin\Gowin_V1.9.2Beta\SynplifyPro\lib\generic\gw2a.v  -encrypt  -pro  -dmgen  E:\gowin_projects\myproj\myproj_blue2_ircon\impl\synthesize\rev_1\dm  -ui -fid2 -ram -sharing on -ll 2000 -autosm  -D_MULTIPLE_FILE_COMPILATION_UNIT_  -lib work E:\gowin_projects\myproj\myproj_blue2_ircon\src\datatest.v -lib work E:\gowin_projects\myproj\myproj_blue2_ircon\src\key_debounce.v -lib work E:\gowin_projects\myproj\myproj_blue2_ircon\src\led_test.v -lib work E:\gowin_projects\myproj\myproj_blue2_ircon\src\testpattern.v -lib work E:\gowin_projects\myproj\myproj_blue2_ircon\src\frame_buffer\dma_16b_32b.v -lib work E:\gowin_projects\myproj\myproj_blue2_ircon\src\frame_buffer\dma_24b_32b.v -lib work E:\gowin_projects\myproj\myproj_blue2_ircon\src\frame_buffer\dma_32b_16b.v -lib work E:\gowin_projects\myproj\myproj_blue2_ircon\src\frame_buffer\dma_32b_24b.v -lib work E:\gowin_projects\myproj\myproj_blue2_ircon\src\frame_buffer\vfb_defines.v -lib work E:\gowin_projects\myproj\myproj_blue2_ircon\src\frame_buffer\vfb_top.v -lib work E:\gowin_projects\myproj\myproj_blue2_ircon\src\cmos_capture\CMOS_Capture_RGB565.v -lib work E:\gowin_projects\myproj\myproj_blue2_ircon\src\sccb\I2C_Controller.v -lib work E:\gowin_projects\myproj\myproj_blue2_ircon\src\sccb\I2C_OV5640_Init_RGB565.v -lib work E:\gowin_projects\myproj\myproj_blue2_ircon\src\sccb\I2C_OV5640_RGB565_Config.v -lib work E:\gowin_projects\myproj\myproj_blue2_ircon\src\psram_memory_interface\psram_memory_interface.v -lib work E:\gowin_projects\myproj\myproj_blue2_ircon\src\esp8266_send\esp8266_send_top.v -lib work E:\gowin_projects\myproj\myproj_blue2_ircon\src\esp8266_send\uart_byte_tx.v -lib work E:\gowin_projects\myproj\myproj_blue2_ircon\src\gw_pll\gw_pll.v -lib work E:\gowin_projects\myproj\myproj_blue2_ircon\src\gw_pll\pix_pll.v -lib work E:\gowin_projects\myproj\myproj_blue2_ircon\src\pll_75m\pll_75m.v -lib work E:\gowin_projects\myproj\myproj_blue2_ircon\src\pll_100M\pll_100M.v -lib work E:\gowin_projects\myproj\myproj_blue2_ircon\src\pll_24M\pll_24M.v -lib work E:\gowin_projects\myproj\myproj_blue2_ircon\src\pll_25m\pll_25m.v -lib work E:\gowin_projects\myproj\myproj_blue2_ircon\src\syn_code\syn_gen.v -lib work E:\gowin_projects\myproj\myproj_blue2_ircon\src\frame_buffer\dma_bus_arbiter.vp -lib work E:\gowin_projects\myproj\myproj_blue2_ircon\src\frame_buffer\dma_frame_buffer.vp -lib work E:\gowin_projects\myproj\myproj_blue2_ircon\src\frame_buffer\dma_frame_ctrl.vp -lib work E:\gowin_projects\myproj\myproj_blue2_ircon\src\frame_buffer\dma_read_ctrl.vp -lib work E:\gowin_projects\myproj\myproj_blue2_ircon\src\frame_buffer\dma_write_ctrl.vp -lib work E:\gowin_projects\myproj\myproj_blue2_ircon\src\vfb_test.v -lib work E:\gowin_projects\myproj\myproj_blue2_ircon\src\frame_buffer\fifo\fifo_dma_read_64_32.v -lib work E:\gowin_projects\myproj\myproj_blue2_ircon\src\frame_buffer\fifo\fifo_dma_write_32_64.v -lib work E:\gowin_projects\myproj\myproj_blue2_ircon\src\pix2_pll\pix2_pll.v -lib work E:\gowin_projects\myproj\myproj_blue2_ircon\src\myproj_top.v -lib work E:\gowin_projects\myproj\myproj_blue2_ircon\src\img_processor2.v -lib work E:\gowin_projects\myproj\myproj_blue2_ircon\src\SR_640_16\SR_640_16.v -lib work E:\gowin_projects\myproj\myproj_blue2_ircon\src\line_buffer\img_matrix_5_5_16.v -lib work E:\gowin_projects\myproj\myproj_blue2_ircon\src\line_buffer\Shift_RAM_16Bit_1280_L5.v -lib work E:\gowin_projects\myproj\myproj_blue2_ircon\src\line_buffer\SR_1280_16.v -lib work E:\gowin_projects\myproj\myproj_blue2_ircon\src\img_filter\gauss_filter_5_5.v -lib work E:\gowin_projects\myproj\myproj_blue2_ircon\src\img_filter\rgb565_888.v -lib work E:\gowin_projects\myproj\myproj_blue2_ircon\src\img_filter\rgb888_565.v -lib work E:\gowin_projects\myproj\myproj_blue2_ircon\src\vga_out\vga_mark_out.v -lib work E:\gowin_projects\myproj\myproj_blue2_ircon\src\img_filter\div222.v -lib work E:\gowin_projects\myproj\myproj_blue2_ircon\src\img_filter\rgb2hsv_top.v -lib work E:\gowin_projects\myproj\myproj_blue2_ircon\src\uart_threshold_set\threshold_set.v -lib work E:\gowin_projects\myproj\myproj_blue2_ircon\src\uart_threshold_set\uart_byte_rx.v -lib work E:\gowin_projects\myproj\myproj_blue2_ircon\src\line_buffer\img_matrix_3_3_16.v -lib work E:\gowin_projects\myproj\myproj_blue2_ircon\src\line_buffer\Shift_RAM_16Bit_1280_L3.v -lib work E:\gowin_projects\myproj\myproj_blue2_ircon\src\img_filter\img_matrix_median_3_3.v -lib work E:\gowin_projects\myproj\myproj_blue2_ircon\src\img_filter\median_filter_3_3.v -lib work E:\gowin_projects\myproj\myproj_blue2_ircon\src\cmos_capture\power_ctrl.v -lib work E:\gowin_projects\myproj\myproj_blue2_ircon\src\pll_36m\pll_36m.v -lib work E:\gowin_projects\myproj\myproj_blue2_ircon\src\RGB565_YCbCr_gray.v -lib work E:\gowin_projects\myproj\myproj_blue2_ircon\src\img_filter\rgb16_24.v -lib work E:\gowin_projects\myproj\myproj_blue2_ircon\src\img_filter\rgb24_16.v -lib work E:\gowin_projects\myproj\myproj_blue2_ircon\src\SR_800_1\SR_800_1.v -lib work E:\gowin_projects\myproj\myproj_blue2_ircon\src\line_buffer\SHIFT_RAM_1Bit_1280.v -lib work E:\gowin_projects\myproj\myproj_blue2_ircon\src\line_buffer\img_matrix_3_3_1.v -lib work E:\gowin_projects\myproj\myproj_blue2_ircon\src\img_filter\img_dilation.v -lib work E:\gowin_projects\myproj\myproj_blue2_ircon\src\img_filter\img_erosion.v -lib work E:\gowin_projects\myproj\myproj_blue2_ircon\src\img_filter\box_calculator.v -lib work E:\gowin_projects\myproj\myproj_blue2_ircon\src\math_module\div223.v -lib work E:\gowin_projects\myproj\myproj_blue2_ircon\src\math_module\sqrt_1.v -lib work E:\gowin_projects\myproj\myproj_blue2_ircon\src\vga_out\vga_mark_out_top.v -lib work E:\gowin_projects\myproj\myproj_blue2_ircon\src\img_filter\erode_dilate.v -lib work E:\gowin_projects\myproj\myproj_blue2_ircon\src\servo\pwm_ctrl.v -lib work E:\gowin_projects\myproj\myproj_blue2_ircon\src\servo\pwm_out.v -lib work E:\gowin_projects\myproj\myproj_blue2_ircon\src\sdp00\sdp00.v -lib work E:\gowin_projects\myproj\myproj_blue2_ircon\src\sdp01\sdp01.v -lib work E:\gowin_projects\myproj\myproj_blue2_ircon\src\sdp_256_8\sdp_256_8.v -lib work E:\gowin_projects\myproj\myproj_blue2_ircon\src\dp_256_32\dp_256_32.v -lib work E:\gowin_projects\myproj\myproj_blue2_ircon\src\math_module\div225.v -lib work E:\gowin_projects\myproj\myproj_blue2_ircon\src\math_module\div227.v -lib work E:\gowin_projects\myproj\myproj_blue2_ircon\src\hist_v\hist_v.v -lib work E:\gowin_projects\myproj\myproj_blue2_ircon\src\hist_v\histogram_equalized.v -lib work E:\gowin_projects\myproj\myproj_blue2_ircon\src\hist_v\histogram_equalized_top.v -lib work E:\gowin_projects\myproj\myproj_blue2_ircon\src\img_filter\hsv2rgb.v -lib work E:\gowin_projects\myproj\myproj_blue2_ircon\src\SR_800_16\SR_800_16.v -lib work E:\gowin_projects\myproj\myproj_blue2_ircon\src\line_buffer\Shift_RAM_16Bit_800_L5.v -lib work E:\gowin_projects\myproj\myproj_blue2_ircon\src\key_filter.v -lib work E:\gowin_projects\myproj\myproj_blue2_ircon\src\servo\pwm_out2.v -lib work E:\gowin_projects\myproj\myproj_blue2_ircon\src\irda\ir_decoder.v -lib work E:\gowin_projects\myproj\myproj_blue2_ircon\src\irda\ir_to_sw.v  -jobname  "compiler" 
relcom:..\..\..\..\..\..\..\Gowin\Gowin_V1.9.2Beta\SynplifyPro\bin64\c_hdl.exe -osyn ..\synwork\img_processor_comp.srs -top myproj_top -hdllog ..\synlog\img_processor_compiler.srr -encrypt -mp 1 -verification_mode 0 -verilog -prodtype synplify_pro -primux -fixsmult -sdff_counter -nram -divnmod -nostructver -gowin -infer_seqShift -D_MULTIPLE_FILE_COMPILATION_UNIT_ -I ..\..\..\..\src\frame_buffer -I ..\..\ -I ..\..\..\..\..\..\..\Gowin\Gowin_V1.9.2Beta\SynplifyPro\lib -sysv -devicelib ..\..\..\..\..\..\..\Gowin\Gowin_V1.9.2Beta\SynplifyPro\lib\generic\gw2a.v -encrypt -pro -dmgen ..\dm -ui -fid2 -ram -sharing on -ll 2000 -autosm -D_MULTIPLE_FILE_COMPILATION_UNIT_ -lib work ..\..\..\..\src\datatest.v -lib work ..\..\..\..\src\key_debounce.v -lib work ..\..\..\..\src\led_test.v -lib work ..\..\..\..\src\testpattern.v -lib work ..\..\..\..\src\frame_buffer\dma_16b_32b.v -lib work ..\..\..\..\src\frame_buffer\dma_24b_32b.v -lib work ..\..\..\..\src\frame_buffer\dma_32b_16b.v -lib work ..\..\..\..\src\frame_buffer\dma_32b_24b.v -lib work ..\..\..\..\src\frame_buffer\vfb_defines.v -lib work ..\..\..\..\src\frame_buffer\vfb_top.v -lib work ..\..\..\..\src\cmos_capture\CMOS_Capture_RGB565.v -lib work ..\..\..\..\src\sccb\I2C_Controller.v -lib work ..\..\..\..\src\sccb\I2C_OV5640_Init_RGB565.v -lib work ..\..\..\..\src\sccb\I2C_OV5640_RGB565_Config.v -lib work ..\..\..\..\src\psram_memory_interface\psram_memory_interface.v -lib work ..\..\..\..\src\esp8266_send\esp8266_send_top.v -lib work ..\..\..\..\src\esp8266_send\uart_byte_tx.v -lib work ..\..\..\..\src\gw_pll\gw_pll.v -lib work ..\..\..\..\src\gw_pll\pix_pll.v -lib work ..\..\..\..\src\pll_75m\pll_75m.v -lib work ..\..\..\..\src\pll_100M\pll_100M.v -lib work ..\..\..\..\src\pll_24M\pll_24M.v -lib work ..\..\..\..\src\pll_25m\pll_25m.v -lib work ..\..\..\..\src\syn_code\syn_gen.v -lib work ..\..\..\..\src\frame_buffer\dma_bus_arbiter.vp -lib work ..\..\..\..\src\frame_buffer\dma_frame_buffer.vp -lib work ..\..\..\..\src\frame_buffer\dma_frame_ctrl.vp -lib work ..\..\..\..\src\frame_buffer\dma_read_ctrl.vp -lib work ..\..\..\..\src\frame_buffer\dma_write_ctrl.vp -lib work ..\..\..\..\src\vfb_test.v -lib work ..\..\..\..\src\frame_buffer\fifo\fifo_dma_read_64_32.v -lib work ..\..\..\..\src\frame_buffer\fifo\fifo_dma_write_32_64.v -lib work ..\..\..\..\src\pix2_pll\pix2_pll.v -lib work ..\..\..\..\src\myproj_top.v -lib work ..\..\..\..\src\img_processor2.v -lib work ..\..\..\..\src\SR_640_16\SR_640_16.v -lib work ..\..\..\..\src\line_buffer\img_matrix_5_5_16.v -lib work ..\..\..\..\src\line_buffer\Shift_RAM_16Bit_1280_L5.v -lib work ..\..\..\..\src\line_buffer\SR_1280_16.v -lib work ..\..\..\..\src\img_filter\gauss_filter_5_5.v -lib work ..\..\..\..\src\img_filter\rgb565_888.v -lib work ..\..\..\..\src\img_filter\rgb888_565.v -lib work ..\..\..\..\src\vga_out\vga_mark_out.v -lib work ..\..\..\..\src\img_filter\div222.v -lib work ..\..\..\..\src\img_filter\rgb2hsv_top.v -lib work ..\..\..\..\src\uart_threshold_set\threshold_set.v -lib work ..\..\..\..\src\uart_threshold_set\uart_byte_rx.v -lib work ..\..\..\..\src\line_buffer\img_matrix_3_3_16.v -lib work ..\..\..\..\src\line_buffer\Shift_RAM_16Bit_1280_L3.v -lib work ..\..\..\..\src\img_filter\img_matrix_median_3_3.v -lib work ..\..\..\..\src\img_filter\median_filter_3_3.v -lib work ..\..\..\..\src\cmos_capture\power_ctrl.v -lib work ..\..\..\..\src\pll_36m\pll_36m.v -lib work ..\..\..\..\src\RGB565_YCbCr_gray.v -lib work ..\..\..\..\src\img_filter\rgb16_24.v -lib work ..\..\..\..\src\img_filter\rgb24_16.v -lib work ..\..\..\..\src\SR_800_1\SR_800_1.v -lib work ..\..\..\..\src\line_buffer\SHIFT_RAM_1Bit_1280.v -lib work ..\..\..\..\src\line_buffer\img_matrix_3_3_1.v -lib work ..\..\..\..\src\img_filter\img_dilation.v -lib work ..\..\..\..\src\img_filter\img_erosion.v -lib work ..\..\..\..\src\img_filter\box_calculator.v -lib work ..\..\..\..\src\math_module\div223.v -lib work ..\..\..\..\src\math_module\sqrt_1.v -lib work ..\..\..\..\src\vga_out\vga_mark_out_top.v -lib work ..\..\..\..\src\img_filter\erode_dilate.v -lib work ..\..\..\..\src\servo\pwm_ctrl.v -lib work ..\..\..\..\src\servo\pwm_out.v -lib work ..\..\..\..\src\sdp00\sdp00.v -lib work ..\..\..\..\src\sdp01\sdp01.v -lib work ..\..\..\..\src\sdp_256_8\sdp_256_8.v -lib work ..\..\..\..\src\dp_256_32\dp_256_32.v -lib work ..\..\..\..\src\math_module\div225.v -lib work ..\..\..\..\src\math_module\div227.v -lib work ..\..\..\..\src\hist_v\hist_v.v -lib work ..\..\..\..\src\hist_v\histogram_equalized.v -lib work ..\..\..\..\src\hist_v\histogram_equalized_top.v -lib work ..\..\..\..\src\img_filter\hsv2rgb.v -lib work ..\..\..\..\src\SR_800_16\SR_800_16.v -lib work ..\..\..\..\src\line_buffer\Shift_RAM_16Bit_800_L5.v -lib work ..\..\..\..\src\key_filter.v -lib work ..\..\..\..\src\servo\pwm_out2.v -lib work ..\..\..\..\src\irda\ir_decoder.v -lib work ..\..\..\..\src\irda\ir_to_sw.v -jobname "compiler"
rc:0 success:1 runtime:62
file:..\synwork\img_processor_comp.srs|io:o|time:1574403459|size:873528|exec:0|csum:
file:..\synlog\img_processor_compiler.srr|io:o|time:1574403459|size:163345|exec:0|csum:
file:..\..\..\..\..\..\..\Gowin\Gowin_V1.9.2Beta\SynplifyPro\lib\generic\gw2a.v|io:i|time:1564767964|size:120730|exec:0|csum:E2B897C94FCEA96C10FD3386E2E04249
file:..\..\..\..\src\datatest.v|io:i|time:1571151617|size:593|exec:0|csum:51D5A21B2ADF415469BD10A7DF17B08F
file:..\..\..\..\src\key_debounce.v|io:i|time:1561624754|size:1518|exec:0|csum:71A6232B85B127DC2F6DFDDDD87C58D5
file:..\..\..\..\src\led_test.v|io:i|time:1571835507|size:11963|exec:0|csum:85680DCF6E98539688CCF30F0F7A67C5
file:..\..\..\..\src\testpattern.v|io:i|time:1562386508|size:12452|exec:0|csum:448E6A24AA07B52C1BFEE09C91165749
file:..\..\..\..\src\frame_buffer\dma_16b_32b.v|io:i|time:1559175745|size:3217|exec:0|csum:2306352823C7E72AE63915961CB19C5C
file:..\..\..\..\src\frame_buffer\dma_24b_32b.v|io:i|time:1558939272|size:3176|exec:0|csum:518073F808C38551DCA4F6F8B4A1FE84
file:..\..\..\..\src\frame_buffer\dma_32b_16b.v|io:i|time:1559175752|size:3572|exec:0|csum:FCA443173F0FC2372638C329E2319749
file:..\..\..\..\src\frame_buffer\dma_32b_24b.v|io:i|time:1558939243|size:3633|exec:0|csum:D487CC88E73FEB2F2B8A6AB233663692
file:..\..\..\..\src\frame_buffer\vfb_defines.v|io:i|time:1568088250|size:595|exec:0|csum:4BBEC8A24A3D4BA0B0638DEFEF877F4B
file:..\..\..\..\src\frame_buffer\vfb_top.v|io:i|time:1571750559|size:6797|exec:0|csum:C4C620E4C39EA55888A32D58AA3075C1
file:..\..\..\..\src\cmos_capture\CMOS_Capture_RGB565.v|io:i|time:1572947699|size:6123|exec:0|csum:8ED056B9D56CFD7719298EBD481EFB7D
file:..\..\..\..\src\sccb\I2C_Controller.v|io:i|time:1574403351|size:9731|exec:0|csum:9A0C96F30B636E3D6FB1C6BFED029044
file:..\..\..\..\src\sccb\I2C_OV5640_Init_RGB565.v|io:i|time:1572144773|size:5882|exec:0|csum:9D997EF234AF985F6564F1E68FF344F1
file:..\..\..\..\src\sccb\I2C_OV5640_RGB565_Config.v|io:i|time:1574403363|size:15939|exec:0|csum:F257C863F653B9272EF77BE1E9FFB456
file:..\..\..\..\src\psram_memory_interface\psram_memory_interface.v|io:i|time:1568100305|size:389533|exec:0|csum:C4935DF35B7441D585769346CD88C176
file:..\..\..\..\src\esp8266_send\esp8266_send_top.v|io:i|time:1572094398|size:1881|exec:0|csum:A16C3BBC1BA9B285B8A4BA3D175F866E
file:..\..\..\..\src\esp8266_send\uart_byte_tx.v|io:i|time:1570979409|size:2689|exec:0|csum:886DA7F52645440212CDAE40E4FF74F4
file:..\..\..\..\src\gw_pll\gw_pll.v|io:i|time:1568100272|size:1906|exec:0|csum:963E0011AEAE19DA269B06C77D85A328
file:..\..\..\..\src\gw_pll\pix_pll.v|io:i|time:1562575573|size:1906|exec:0|csum:4B12ED764DB8E6174571E2AC20F0A20A
file:..\..\..\..\src\pll_75m\pll_75m.v|io:i|time:1571919114|size:1905|exec:0|csum:2EB9A746946C0CD0E199E92E49E45AD2
file:..\..\..\..\src\pll_100M\pll_100M.v|io:i|time:1571377120|size:1906|exec:0|csum:1D044C57E3F05412148DAE5CBB1886F6
file:..\..\..\..\src\pll_24M\pll_24M.v|io:i|time:1570926607|size:1907|exec:0|csum:16D66611072867D05EF93F2BB1C46DB2
file:..\..\..\..\src\pll_25m\pll_25m.v|io:i|time:1571377951|size:1905|exec:0|csum:42B5F33E1B5055B35E9C87D4316117D1
file:..\..\..\..\src\syn_code\syn_gen.v|io:i|time:1563346866|size:4261|exec:0|csum:723281A3E030D7F3D2D065C62E3B0F77
file:..\..\..\..\src\frame_buffer\dma_bus_arbiter.vp|io:i|time:1569227143|size:10637|exec:0|csum:6D82829DD233192F3831BE803EE83361
file:..\..\..\..\src\frame_buffer\dma_frame_buffer.vp|io:i|time:1569227143|size:9279|exec:0|csum:456CAF5ADADECD5E6FC9FB4D1475190F
file:..\..\..\..\src\frame_buffer\dma_frame_ctrl.vp|io:i|time:1569227143|size:9587|exec:0|csum:7EF043E400CA7A22A796F45BCF310F59
file:..\..\..\..\src\frame_buffer\dma_read_ctrl.vp|io:i|time:1569227143|size:14205|exec:0|csum:9A054E1F02014167D1DAD9B2FE3B1263
file:..\..\..\..\src\frame_buffer\dma_write_ctrl.vp|io:i|time:1569227143|size:17292|exec:0|csum:D5ED3062D813CB98285CE26ECFD1D4EA
file:..\..\..\..\src\vfb_test.v|io:i|time:1573526403|size:2147|exec:0|csum:28FFF823FE12FD249B6B75725E958CAA
file:..\..\..\..\src\frame_buffer\fifo\fifo_dma_read_64_32.v|io:i|time:1564542914|size:72332|exec:0|csum:A0546B3A9E98E42EB0E6308B38C56E19
file:..\..\..\..\src\frame_buffer\fifo\fifo_dma_write_32_64.v|io:i|time:1564542418|size:69602|exec:0|csum:7849D07280E71C93BA39E03728570DF1
file:..\..\..\..\src\pix2_pll\pix2_pll.v|io:i|time:1570890590|size:1884|exec:0|csum:A028C1F205AC0602509D282090B9A5E1
file:..\..\..\..\src\myproj_top.v|io:i|time:1574138248|size:15440|exec:0|csum:6CBAA1D2CC7D1C00BD07516A217A0F38
file:..\..\..\..\src\img_processor2.v|io:i|time:1573901440|size:3723|exec:0|csum:5EDF61F3887654DB08D5197866255AE4
file:..\..\..\..\src\SR_640_16\SR_640_16.v|io:i|time:1572166400|size:15088|exec:0|csum:85FB8DDA3E0F1F6C7FA07A83D3D7FC51
file:..\..\..\..\src\line_buffer\img_matrix_5_5_16.v|io:i|time:1573894318|size:4734|exec:0|csum:F554284B582964028141DEAD0D9DF3E3
file:..\..\..\..\src\line_buffer\Shift_RAM_16Bit_1280_L5.v|io:i|time:1572170120|size:683|exec:0|csum:B4EAC4A9283494933259EEDB0B176F2D
file:..\..\..\..\src\line_buffer\SR_1280_16.v|io:i|time:1572170378|size:272|exec:0|csum:9C8AC796181F8ED75341384206DDE084
file:..\..\..\..\src\img_filter\gauss_filter_5_5.v|io:i|time:1573897273|size:12559|exec:0|csum:9B435A4016D0E4E329C42688008371F4
file:..\..\..\..\src\img_filter\rgb565_888.v|io:i|time:1571571648|size:215|exec:0|csum:E117559C824ED624EF15F52D92826300
file:..\..\..\..\src\img_filter\rgb888_565.v|io:i|time:1571576127|size:144|exec:0|csum:728701C4F8AFDCE85805FA560CBE0042
file:..\..\..\..\src\vga_out\vga_mark_out.v|io:i|time:1573916725|size:2358|exec:0|csum:9ED4CB3FAC73242594A0800D85D11C7D
file:..\..\..\..\src\img_filter\div222.v|io:i|time:1570329205|size:977|exec:0|csum:FCD321B144867AAECDEBDD8692200BAE
file:..\..\..\..\src\img_filter\rgb2hsv_top.v|io:i|time:1573780786|size:5010|exec:0|csum:21972F7B2E9086DB5FE9F8486650BB2A
file:..\..\..\..\src\uart_threshold_set\threshold_set.v|io:i|time:1572311810|size:2093|exec:0|csum:CFF6BC2AC78FC7616591C837A06841DE
file:..\..\..\..\src\uart_threshold_set\uart_byte_rx.v|io:i|time:1572363145|size:4845|exec:0|csum:9B931497A775C55370C499F13143826B
file:..\..\..\..\src\line_buffer\img_matrix_3_3_16.v|io:i|time:1572599347|size:3410|exec:0|csum:D9240A85AE4E34CD46070A3DADCC87FB
file:..\..\..\..\src\line_buffer\Shift_RAM_16Bit_1280_L3.v|io:i|time:1572598979|size:471|exec:0|csum:A45884F27320DBB1CB92947B88AF8FA9
file:..\..\..\..\src\img_filter\img_matrix_median_3_3.v|io:i|time:1572602027|size:8888|exec:0|csum:645802C3F86679E3651141B7692869AF
file:..\..\..\..\src\img_filter\median_filter_3_3.v|io:i|time:1572600843|size:4688|exec:0|csum:AFF12BAFC5D2283B4D8D7ED18142C7B7
file:..\..\..\..\src\cmos_capture\power_ctrl.v|io:i|time:1572662536|size:1011|exec:0|csum:104D14B5CF5F5F0D48542165A75EF904
file:..\..\..\..\src\pll_36m\pll_36m.v|io:i|time:1572947095|size:1905|exec:0|csum:86196CA255A0AC47E20EB6E12951F6CA
file:..\..\..\..\src\RGB565_YCbCr_gray.v|io:i|time:1573466089|size:2379|exec:0|csum:AEE9875A89737682EE1A3C9B8CB609D5
file:..\..\..\..\src\img_filter\rgb16_24.v|io:i|time:1572928978|size:171|exec:0|csum:292DF063246A74249C3C785CE9A6A9CC
file:..\..\..\..\src\img_filter\rgb24_16.v|io:i|time:1572933105|size:143|exec:0|csum:E8CE2737DE856D76D809A079BDC062DD
file:..\..\..\..\src\SR_800_1\SR_800_1.v|io:i|time:1573136423|size:11898|exec:0|csum:D626F4B5970221BC1B58145A09326713
file:..\..\..\..\src\line_buffer\SHIFT_RAM_1Bit_1280.v|io:i|time:1573136447|size:392|exec:0|csum:18204AB7B1DB814AAD8A4FA589160024
file:..\..\..\..\src\line_buffer\img_matrix_3_3_1.v|io:i|time:1573136524|size:3277|exec:0|csum:88639CD0C011D68ACF801523D1E5D1B8
file:..\..\..\..\src\img_filter\img_dilation.v|io:i|time:1570796133|size:2934|exec:0|csum:50B7A0EADD630098583969A1E414A3E4
file:..\..\..\..\src\img_filter\img_erosion.v|io:i|time:1570796209|size:2929|exec:0|csum:6E15822D18330AE5D93CF7FBE75D3FE4
file:..\..\..\..\src\img_filter\box_calculator.v|io:i|time:1573137461|size:2152|exec:0|csum:1DA1154C438FDE8D59AA7CCDB3DD6EA6
file:..\..\..\..\src\math_module\div223.v|io:i|time:1572921117|size:1741|exec:0|csum:DFBCD8A7EBE92750DC83C9AFE6F5BA38
file:..\..\..\..\src\math_module\sqrt_1.v|io:i|time:1572924516|size:1988|exec:0|csum:DEF7D4DD3A0D8A3AAE5E15F0494324AB
file:..\..\..\..\src\vga_out\vga_mark_out_top.v|io:i|time:1573883137|size:1808|exec:0|csum:EDAA674A71116D93B69E58B6E3F1A5F1
file:..\..\..\..\src\img_filter\erode_dilate.v|io:i|time:1573890233|size:1960|exec:0|csum:3015B786DC98633D5B8AB4FD067B6D72
file:..\..\..\..\src\servo\pwm_ctrl.v|io:i|time:1573463463|size:387|exec:0|csum:0AB5FCBA848C2B1F5E3C63FCDE287B51
file:..\..\..\..\src\servo\pwm_out.v|io:i|time:1573916743|size:825|exec:0|csum:9316FBE307C34AFECA77A80D68F81918
file:..\..\..\..\src\sdp00\sdp00.v|io:i|time:1573633353|size:1202|exec:0|csum:28CA8BFC02C42AB668E19491662A745B
file:..\..\..\..\src\sdp01\sdp01.v|io:i|time:1573644499|size:1202|exec:0|csum:FEA61C4C97F73453E4C03D6C024AB8E9
file:..\..\..\..\src\sdp_256_8\sdp_256_8.v|io:i|time:1573722602|size:1167|exec:0|csum:2FB38B32DAC5C66D6CE7E1B621CC6B50
file:..\..\..\..\src\dp_256_32\dp_256_32.v|io:i|time:1573740317|size:2264|exec:0|csum:6D5BCBAF0B2E657ADEDA9CA0DD2F777E
file:..\..\..\..\src\math_module\div225.v|io:i|time:1573559549|size:957|exec:0|csum:E9FDC9CE5A9855E2CA5F32DEA1F34461
file:..\..\..\..\src\math_module\div227.v|io:i|time:1573723528|size:957|exec:0|csum:346DF250BFBC411FB476A1F1D65F1AB3
file:..\..\..\..\src\hist_v\hist_v.v|io:i|time:1573820375|size:1318|exec:0|csum:8DBD7BCEC3E0399FB2A9D598BF8BE652
file:..\..\..\..\src\hist_v\histogram_equalized.v|io:i|time:1574401983|size:11110|exec:0|csum:331D9168878A0C067F6087BB6C11833A
file:..\..\..\..\src\hist_v\histogram_equalized_top.v|io:i|time:1574402009|size:3174|exec:0|csum:5936C46FEE7605A741B9F9585D538FD5
file:..\..\..\..\src\img_filter\hsv2rgb.v|io:i|time:1573778325|size:3206|exec:0|csum:C47D7B1C24E2C71CBF6CA267D645C645
file:..\..\..\..\src\SR_800_16\SR_800_16.v|io:i|time:1573896682|size:14270|exec:0|csum:2F8F3C025500F5660184926C1F4121F1
file:..\..\..\..\src\line_buffer\Shift_RAM_16Bit_800_L5.v|io:i|time:1571570835|size:677|exec:0|csum:10D0B1A952CDE93BC608055E362039D7
file:..\..\..\..\src\key_filter.v|io:i|time:1573959964|size:2138|exec:0|csum:999426E00936310F15EC1B6270CE946B
file:..\..\..\..\src\servo\pwm_out2.v|io:i|time:1573982631|size:3355|exec:0|csum:CC9AEA5ECE3A5CC5BF57D05D31C26FD4
file:..\..\..\..\src\irda\ir_decoder.v|io:i|time:1574136442|size:3741|exec:0|csum:24108D82B423FEA9A5C1F2402506E0DD
file:..\..\..\..\src\irda\ir_to_sw.v|io:i|time:1574138029|size:765|exec:0|csum:664FD0588D58E97F41BDF9F2E1AD4737
file:..\..\..\..\..\..\..\Gowin\Gowin_V1.9.2Beta\SynplifyPro\bin64\c_hdl.exe|io:i|time:1564765142|size:5727232|exec:1|csum:18969E7527FDF47FA4A9B53F8A22AB3D
