
Copyright (C) 1994-2019 Synopsys, Inc.
This Synopsys software and all associated documentation are proprietary to Synopsys, Inc.
and may only be used pursuant to the terms and conditions of a written license agreement
with Synopsys, Inc. All other use, reproduction, modification, or distribution of the
Synopsys software or the associated documentation is strictly prohibited.
Tool: Synplify Pro (R)
Build: O-2018.09G-SP1-1-Beta1
Install: D:\Gowin\Gowin_V1.9.0.02Beta\SynplifyPro
OS: Windows 6.1

Hostname: DESKTOP

Implementation : rev_1

# Written on Thu May 30 10:41:01 2019

##### FILES SYNTAX CHECKED ##############################################
Constraint File(s):      (none)

#Run constraint checker to find more issues with constraints.
#########################################################################



No issues found in constraint syntax.



Clock Summary
*************

          Start                          Requested     Requested     Clock        Clock                     Clock
Level     Clock                          Frequency     Period        Type         Group                     Load 
-----------------------------------------------------------------------------------------------------------------
0 -       fifo_dma_read_256_32|RdClk     246.1 MHz     4.064         inferred     Autoconstr_clkgroup_1     305  
                                                                                                                 
0 -       fifo_dma_read_256_32|WrClk     214.1 MHz     4.671         inferred     Autoconstr_clkgroup_0     303  
=================================================================================================================


Clock Load Summary
******************

                               Clock     Source          Clock Pin                            Non-clock Pin     Non-clock Pin                
Clock                          Load      Pin             Seq Example                          Seq Example       Comb Example                 
---------------------------------------------------------------------------------------------------------------------------------------------
fifo_dma_read_256_32|RdClk     305       RdClk(port)     fifo_inst.Small\.rq2_wptr[8:0].C     -                 fifo_inst.un1_RdClk.I[0](inv)
                                                                                                                                             
fifo_dma_read_256_32|WrClk     303       WrClk(port)     fifo_inst.Small\.wq2_rptr[8:0].C     -                 fifo_inst.un1_WrClk.I[0](inv)
=============================================================================================================================================
