
Copyright (C) 1994-2019 Synopsys, Inc.
This Synopsys software and all associated documentation are proprietary to Synopsys, Inc.
and may only be used pursuant to the terms and conditions of a written license agreement
with Synopsys, Inc. All other use, reproduction, modification, or distribution of the
Synopsys software or the associated documentation is strictly prohibited.
Tool: Synplify Pro (R)
Build: O-2018.09G-SP1-1-Beta1
Install: D:\Gowin\Gowin_V1.9.0.02Beta\SynplifyPro
OS: Windows 6.1

Hostname: DESKTOP

Implementation : rev_1

# Written on Thu May 30 10:38:47 2019

##### FILES SYNTAX CHECKED ##############################################
Constraint File(s):      (none)

#Run constraint checker to find more issues with constraints.
#########################################################################



No issues found in constraint syntax.



Clock Summary
*************

          Start                          Requested     Requested     Clock        Clock                     Clock
Level     Clock                          Frequency     Period        Type         Group                     Load 
-----------------------------------------------------------------------------------------------------------------
0 -       fifo_dma_read_128_32|RdClk     247.1 MHz     4.047         inferred     Autoconstr_clkgroup_1     181  
                                                                                                                 
0 -       fifo_dma_read_128_32|WrClk     199.1 MHz     5.024         inferred     Autoconstr_clkgroup_0     180  
=================================================================================================================


Clock Load Summary
******************

                               Clock     Source          Clock Pin                            Non-clock Pin     Non-clock Pin                
Clock                          Load      Pin             Seq Example                          Seq Example       Comb Example                 
---------------------------------------------------------------------------------------------------------------------------------------------
fifo_dma_read_128_32|RdClk     181       RdClk(port)     fifo_inst.Small\.rq2_wptr[9:0].C     -                 fifo_inst.un1_RdClk.I[0](inv)
                                                                                                                                             
fifo_dma_read_128_32|WrClk     180       WrClk(port)     fifo_inst.Small\.wq2_rptr[9:0].C     -                 fifo_inst.un1_WrClk.I[0](inv)
=============================================================================================================================================
