One matching license found for this product: synplifypro_gowin
NOTE:  This version of the software is not a production release. No warranty is made as to the general availability of features and functionality included in this version or described in the accompanying documentation. The final contents of a production release and its timing remain at the sole discretion of Synopsys.

Starting:    D:\Gowin\Gowin_V1.9.1.01Beta\SynplifyPro\bin64\mbin\synbatch.exe
Install:     D:\Gowin\Gowin_V1.9.1.01Beta\SynplifyPro
Hostname:    DESKTOP
Date:        Tue Sep 10 15:24:50 2019
Version:     O-2018.09G-SP1-1-Beta1

Arguments:   -product synplify_pro -batch D:/proj/g2ar18eq144_psram/src/psram_memory_interface/temp/PSRAM/PSRAM.prj
ProductType: synplify_pro

License checkout: synplifypro_gowin
License: synplifypro_gowin node-locked 
Licensed Vendor: gowin

Running in Vendor Mode

auto_infer_blackbox is not supported in current product.
log file: "D:\proj\g2ar18eq144_psram\src\psram_memory_interface\temp\PSRAM\rev_1\psram_memory_interface.srr"
Running: rev_1 in foreground

Running PSRAM|rev_1

Running Flow: compile (Compile) on PSRAM|rev_1
# Tue Sep 10 15:24:50 2019

Running Flow: compile_flow (Compile Process) on PSRAM|rev_1
# Tue Sep 10 15:24:50 2019

Running: compiler (Compile Input) on PSRAM|rev_1
# Tue Sep 10 15:24:50 2019
Copied D:\proj\g2ar18eq144_psram\src\psram_memory_interface\temp\PSRAM\rev_1\synwork\psram_memory_interface_comp.srs to D:\proj\g2ar18eq144_psram\src\psram_memory_interface\temp\PSRAM\rev_1\psram_memory_interface.srs

compiler completed
# Tue Sep 10 15:24:53 2019

Return Code: 0
Run Time:00h:00m:03s

Running: multi_srs_gen (Multi-srs Generator) on PSRAM|rev_1
# Tue Sep 10 15:24:53 2019

multi_srs_gen completed
# Tue Sep 10 15:24:54 2019

Return Code: 0
Run Time:00h:00m:01s
Copied D:\proj\g2ar18eq144_psram\src\psram_memory_interface\temp\PSRAM\rev_1\synwork\psram_memory_interface_mult.srs to D:\proj\g2ar18eq144_psram\src\psram_memory_interface\temp\PSRAM\rev_1\psram_memory_interface.srs
Complete: Compile Process on PSRAM|rev_1

Running: premap (Premap) on PSRAM|rev_1
# Tue Sep 10 15:24:54 2019

premap completed
# Tue Sep 10 15:24:57 2019

Return Code: 0
Run Time:00h:00m:03s
Complete: Compile on PSRAM|rev_1

Running Flow: map (Map) on PSRAM|rev_1
# Tue Sep 10 15:24:57 2019

Running: fpga_mapper (Map & Optimize) on PSRAM|rev_1
# Tue Sep 10 15:24:57 2019
Copied D:\proj\g2ar18eq144_psram\src\psram_memory_interface\temp\PSRAM\rev_1\synwork\psram_memory_interface_m.srm to D:\proj\g2ar18eq144_psram\src\psram_memory_interface\temp\PSRAM\rev_1\psram_memory_interface.srm

fpga_mapper completed with warnings
# Tue Sep 10 15:25:05 2019

Return Code: 1
Run Time:00h:00m:08s
Complete: Map on PSRAM|rev_1
Complete: Logic Synthesis on PSRAM|rev_1
exit status=0
exit status=0
License checkin: synplifypro_gowin
